2024-07-15T13:34:17.697+09:00  INFO 12648 --- [evoproject] [main] c.evo.evoproject.EvoprojectApplication   : Starting EvoprojectApplication using Java 17.0.11 with PID 12648 (D:\EVO\evoproject\build\classes\java\main started by skygv in D:\EVO)
2024-07-15T13:34:17.706+09:00  INFO 12648 --- [evoproject] [main] c.evo.evoproject.EvoprojectApplication   : No active profile set, falling back to 1 default profile: "default"
2024-07-15T13:34:19.503+09:00  INFO 12648 --- [evoproject] [main] o.s.b.w.embedded.tomcat.TomcatWebServer  : Tomcat initialized with port 8090 (http)
2024-07-15T13:34:19.514+09:00  INFO 12648 --- [evoproject] [main] o.apache.catalina.core.StandardService   : Starting service [Tomcat]
2024-07-15T13:34:19.514+09:00  INFO 12648 --- [evoproject] [main] o.apache.catalina.core.StandardEngine    : Starting Servlet engine: [Apache Tomcat/10.1.25]
2024-07-15T13:34:19.572+09:00  INFO 12648 --- [evoproject] [main] o.a.c.c.C.[Tomcat].[localhost].[/]       : Initializing Spring embedded WebApplicationContext
2024-07-15T13:34:19.573+09:00  INFO 12648 --- [evoproject] [main] w.s.c.ServletWebServerApplicationContext : Root WebApplicationContext: initialization completed in 1823 ms
2024-07-15T13:34:20.652+09:00  INFO 12648 --- [evoproject] [main] o.s.b.a.w.s.WelcomePageHandlerMapping    : Adding welcome page template: index
2024-07-15T13:34:20.836+09:00  INFO 12648 --- [evoproject] [main] o.s.s.web.DefaultSecurityFilterChain     : Will secure any request with [org.springframework.security.web.session.DisableEncodeUrlFilter@fd4459b, org.springframework.security.web.context.request.async.WebAsyncManagerIntegrationFilter@1073c664, org.springframework.security.web.context.SecurityContextHolderFilter@34b2d51a, org.springframework.security.web.header.HeaderWriterFilter@7717b4a0, org.springframework.web.filter.CorsFilter@517a46f3, org.springframework.security.web.authentication.logout.LogoutFilter@63e70bf9, org.springframework.security.web.authentication.UsernamePasswordAuthenticationFilter@7db47323, org.springframework.security.web.savedrequest.RequestCacheAwareFilter@cf10c92, org.springframework.security.web.servletapi.SecurityContextHolderAwareRequestFilter@2d4e99de, org.springframework.security.web.authentication.AnonymousAuthenticationFilter@38fb151a, org.springframework.security.web.access.ExceptionTranslationFilter@1a5b7394, org.springframework.security.web.access.intercept.AuthorizationFilter@126a9a3d]
2024-07-15T13:34:21.107+09:00  INFO 12648 --- [evoproject] [main] o.s.b.w.embedded.tomcat.TomcatWebServer  : Tomcat started on port 8090 (http) with context path ''
2024-07-15T13:34:21.119+09:00  INFO 12648 --- [evoproject] [main] c.evo.evoproject.EvoprojectApplication   : Started EvoprojectApplication in 3.908 seconds (process running for 4.782)
2024-07-15T13:34:21.123+09:00  INFO 12648 --- [evoproject] [scheduling-1] c.e.e.s.product.ProductServiceImpl       : 조회수 업데이트 작업을 시작합니다.
2024-07-15T13:34:21.124+09:00  INFO 12648 --- [evoproject] [scheduling-1] c.e.e.s.product.ProductServiceImpl       : 조회수 업데이트 작업을 완료했습니다.
2024-07-15T13:34:26.992+09:00  INFO 12648 --- [evoproject] [http-nio-8090-exec-1] o.a.c.c.C.[Tomcat].[localhost].[/]       : Initializing Spring DispatcherServlet 'dispatcherServlet'
2024-07-15T13:34:26.992+09:00  INFO 12648 --- [evoproject] [http-nio-8090-exec-1] o.s.web.servlet.DispatcherServlet        : Initializing Servlet 'dispatcherServlet'
2024-07-15T13:34:26.993+09:00  INFO 12648 --- [evoproject] [http-nio-8090-exec-1] o.s.web.servlet.DispatcherServlet        : Completed initialization in 0 ms
2024-07-15T13:34:52.295+09:00 DEBUG 12648 --- [evoproject] [http-nio-8090-exec-10] o.s.jdbc.datasource.DataSourceUtils      : Fetching JDBC Connection from DataSource
2024-07-15T13:34:52.296+09:00  INFO 12648 --- [evoproject] [http-nio-8090-exec-10] com.zaxxer.hikari.HikariDataSource       : HikariPool-1 - Starting...
2024-07-15T13:35:03.872+09:00  INFO 12648 --- [evoproject] [http-nio-8090-exec-10] com.zaxxer.hikari.pool.HikariPool        : HikariPool-1 - Added connection com.mysql.cj.jdbc.ConnectionImpl@2b67d06a
2024-07-15T13:35:03.874+09:00  INFO 12648 --- [evoproject] [http-nio-8090-exec-10] com.zaxxer.hikari.HikariDataSource       : HikariPool-1 - Start completed.
2024-07-15T13:35:04.126+09:00  WARN 12648 --- [evoproject] [http-nio-8090-exec-10] o.a.c.util.SessionIdGeneratorBase        : Creation of SecureRandom instance for session ID generation using [SHA1PRNG] took [111] milliseconds.
2024-07-15T13:35:09.645+09:00 DEBUG 12648 --- [evoproject] [http-nio-8090-exec-6] o.s.jdbc.datasource.DataSourceUtils      : Fetching JDBC Connection from DataSource
2024-07-15T13:35:09.979+09:00  WARN 12648 --- [evoproject] [http-nio-8090-exec-6] actStandardFragmentInsertionTagProcessor : [THYMELEAF][http-nio-8090-exec-6][mypage] Deprecated unwrapped fragment expression "header :: header" found in template mypage, line 126, col 9. Please use the complete syntax of fragment expressions instead ("~{header :: header}"). The old, unwrapped syntax for fragment expressions will be removed in future versions of Thymeleaf.
2024-07-15T13:35:09.986+09:00  WARN 12648 --- [evoproject] [http-nio-8090-exec-6] actStandardFragmentInsertionTagProcessor : [THYMELEAF][http-nio-8090-exec-6][mypage] Deprecated unwrapped fragment expression "footer :: footer" found in template mypage, line 204, col 9. Please use the complete syntax of fragment expressions instead ("~{footer :: footer}"). The old, unwrapped syntax for fragment expressions will be removed in future versions of Thymeleaf.
2024-07-15T13:35:21.119+09:00  INFO 12648 --- [evoproject] [scheduling-1] c.e.e.s.product.ProductServiceImpl       : 조회수 업데이트 작업을 시작합니다.
2024-07-15T13:35:21.120+09:00  INFO 12648 --- [evoproject] [scheduling-1] c.e.e.s.product.ProductServiceImpl       : 조회수 업데이트 작업을 완료했습니다.
2024-07-15T13:35:34.226+09:00  WARN 12648 --- [evoproject] [http-nio-8090-exec-8] actStandardFragmentInsertionTagProcessor : [THYMELEAF][http-nio-8090-exec-8][terms] Deprecated unwrapped fragment expression "footer :: footer" found in template terms, line 337, col 9. Please use the complete syntax of fragment expressions instead ("~{footer :: footer}"). The old, unwrapped syntax for fragment expressions will be removed in future versions of Thymeleaf.
2024-07-15T13:35:40.770+09:00  WARN 12648 --- [evoproject] [http-nio-8090-exec-9] actStandardFragmentInsertionTagProcessor : [THYMELEAF][http-nio-8090-exec-9][register] Deprecated unwrapped fragment expression "header :: header" found in template register, line 37, col 9. Please use the complete syntax of fragment expressions instead ("~{header :: header}"). The old, unwrapped syntax for fragment expressions will be removed in future versions of Thymeleaf.
2024-07-15T13:35:40.782+09:00  WARN 12648 --- [evoproject] [http-nio-8090-exec-9] actStandardFragmentInsertionTagProcessor : [THYMELEAF][http-nio-8090-exec-9][register] Deprecated unwrapped fragment expression "footer :: footer" found in template register, line 108, col 9. Please use the complete syntax of fragment expressions instead ("~{footer :: footer}"). The old, unwrapped syntax for fragment expressions will be removed in future versions of Thymeleaf.
2024-07-15T13:35:54.612+09:00 DEBUG 12648 --- [evoproject] [http-nio-8090-exec-8] o.s.jdbc.datasource.DataSourceUtils      : Fetching JDBC Connection from DataSource
2024-07-15T13:35:55.999+09:00 DEBUG 12648 --- [evoproject] [http-nio-8090-exec-1] o.s.jdbc.datasource.DataSourceUtils      : Fetching JDBC Connection from DataSource
2024-07-15T13:35:56.015+09:00  WARN 12648 --- [evoproject] [http-nio-8090-exec-1] actStandardFragmentInsertionTagProcessor : [THYMELEAF][http-nio-8090-exec-1][mypage] Deprecated unwrapped fragment expression "header :: header" found in template mypage, line 126, col 9. Please use the complete syntax of fragment expressions instead ("~{header :: header}"). The old, unwrapped syntax for fragment expressions will be removed in future versions of Thymeleaf.
2024-07-15T13:35:56.020+09:00  WARN 12648 --- [evoproject] [http-nio-8090-exec-1] actStandardFragmentInsertionTagProcessor : [THYMELEAF][http-nio-8090-exec-1][mypage] Deprecated unwrapped fragment expression "footer :: footer" found in template mypage, line 204, col 9. Please use the complete syntax of fragment expressions instead ("~{footer :: footer}"). The old, unwrapped syntax for fragment expressions will be removed in future versions of Thymeleaf.
2024-07-15T13:35:58.592+09:00 DEBUG 12648 --- [evoproject] [http-nio-8090-exec-5] o.s.jdbc.datasource.DataSourceUtils      : Fetching JDBC Connection from DataSource
2024-07-15T13:35:58.608+09:00 DEBUG 12648 --- [evoproject] [http-nio-8090-exec-5] o.s.jdbc.datasource.DataSourceUtils      : Fetching JDBC Connection from DataSource
2024-07-15T13:35:58.632+09:00 DEBUG 12648 --- [evoproject] [http-nio-8090-exec-5] o.s.jdbc.datasource.DataSourceUtils      : Fetching JDBC Connection from DataSource
2024-07-15T13:36:17.555+09:00 DEBUG 12648 --- [evoproject] [http-nio-8090-exec-6] o.s.jdbc.datasource.DataSourceUtils      : Fetching JDBC Connection from DataSource
2024-07-15T13:36:17.572+09:00 DEBUG 12648 --- [evoproject] [http-nio-8090-exec-6] o.s.jdbc.datasource.DataSourceUtils      : Fetching JDBC Connection from DataSource
2024-07-15T13:36:17.605+09:00 DEBUG 12648 --- [evoproject] [http-nio-8090-exec-2] o.s.jdbc.datasource.DataSourceUtils      : Fetching JDBC Connection from DataSource
2024-07-15T13:36:17.614+09:00 DEBUG 12648 --- [evoproject] [http-nio-8090-exec-2] o.s.jdbc.datasource.DataSourceUtils      : Fetching JDBC Connection from DataSource
2024-07-15T13:36:17.623+09:00 DEBUG 12648 --- [evoproject] [http-nio-8090-exec-2] o.s.jdbc.datasource.DataSourceUtils      : Fetching JDBC Connection from DataSource
2024-07-15T13:36:21.118+09:00  INFO 12648 --- [evoproject] [scheduling-1] c.e.e.s.product.ProductServiceImpl       : 조회수 업데이트 작업을 시작합니다.
2024-07-15T13:36:21.118+09:00  INFO 12648 --- [evoproject] [scheduling-1] c.e.e.s.product.ProductServiceImpl       : 조회수 업데이트 작업을 완료했습니다.
2024-07-15T13:36:29.324+09:00 DEBUG 12648 --- [evoproject] [http-nio-8090-exec-8] o.s.jdbc.datasource.DataSourceUtils      : Fetching JDBC Connection from DataSource
2024-07-15T13:36:35.301+09:00 DEBUG 12648 --- [evoproject] [http-nio-8090-exec-2] o.s.jdbc.datasource.DataSourceUtils      : Fetching JDBC Connection from DataSource
2024-07-15T13:36:35.317+09:00 DEBUG 12648 --- [evoproject] [http-nio-8090-exec-2] o.s.jdbc.datasource.DataSourceUtils      : Fetching JDBC Connection from DataSource
2024-07-15T13:36:35.330+09:00 DEBUG 12648 --- [evoproject] [http-nio-8090-exec-2] o.s.jdbc.datasource.DataSourceUtils      : Fetching JDBC Connection from DataSource
2024-07-15T13:36:39.611+09:00 DEBUG 12648 --- [evoproject] [http-nio-8090-exec-4] o.s.jdbc.datasource.DataSourceUtils      : Fetching JDBC Connection from DataSource
2024-07-15T13:36:39.629+09:00 DEBUG 12648 --- [evoproject] [http-nio-8090-exec-4] o.s.jdbc.datasource.DataSourceUtils      : Fetching JDBC Connection from DataSource
2024-07-15T13:36:39.637+09:00 DEBUG 12648 --- [evoproject] [http-nio-8090-exec-4] o.s.jdbc.datasource.DataSourceUtils      : Fetching JDBC Connection from DataSource
2024-07-15T13:36:46.354+09:00 DEBUG 12648 --- [evoproject] [http-nio-8090-exec-5] o.s.jdbc.datasource.DataSourceUtils      : Fetching JDBC Connection from DataSource
2024-07-15T13:36:46.373+09:00 DEBUG 12648 --- [evoproject] [http-nio-8090-exec-5] o.s.jdbc.datasource.DataSourceUtils      : Fetching JDBC Connection from DataSource
2024-07-15T13:36:46.464+09:00 DEBUG 12648 --- [evoproject] [http-nio-8090-exec-5] o.s.jdbc.datasource.DataSourceUtils      : Fetching JDBC Connection from DataSource
2024-07-15T13:36:46.472+09:00 DEBUG 12648 --- [evoproject] [http-nio-8090-exec-5] o.s.jdbc.datasource.DataSourceUtils      : Fetching JDBC Connection from DataSource
2024-07-15T13:36:46.494+09:00 DEBUG 12648 --- [evoproject] [http-nio-8090-exec-2] o.s.jdbc.datasource.DataSourceUtils      : Fetching JDBC Connection from DataSource
2024-07-15T13:36:46.502+09:00 DEBUG 12648 --- [evoproject] [http-nio-8090-exec-2] o.s.jdbc.datasource.DataSourceUtils      : Fetching JDBC Connection from DataSource
2024-07-15T13:36:46.510+09:00 DEBUG 12648 --- [evoproject] [http-nio-8090-exec-2] o.s.jdbc.datasource.DataSourceUtils      : Fetching JDBC Connection from DataSource
2024-07-15T13:36:49.087+09:00 DEBUG 12648 --- [evoproject] [http-nio-8090-exec-1] o.s.jdbc.datasource.DataSourceUtils      : Fetching JDBC Connection from DataSource
2024-07-15T13:36:49.103+09:00 DEBUG 12648 --- [evoproject] [http-nio-8090-exec-1] o.s.jdbc.datasource.DataSourceUtils      : Fetching JDBC Connection from DataSource
2024-07-15T13:36:49.211+09:00 DEBUG 12648 --- [evoproject] [http-nio-8090-exec-4] o.s.jdbc.datasource.DataSourceUtils      : Fetching JDBC Connection from DataSource
2024-07-15T13:36:49.213+09:00 DEBUG 12648 --- [evoproject] [http-nio-8090-exec-1] o.s.jdbc.datasource.DataSourceUtils      : Fetching JDBC Connection from DataSource
2024-07-15T13:36:49.228+09:00 DEBUG 12648 --- [evoproject] [http-nio-8090-exec-4] o.s.jdbc.datasource.DataSourceUtils      : Fetching JDBC Connection from DataSource
2024-07-15T13:36:49.269+09:00 DEBUG 12648 --- [evoproject] [http-nio-8090-exec-4] o.s.jdbc.datasource.DataSourceUtils      : Fetching JDBC Connection from DataSource
2024-07-15T13:36:52.181+09:00 DEBUG 12648 --- [evoproject] [http-nio-8090-exec-2] o.s.jdbc.datasource.DataSourceUtils      : Fetching JDBC Connection from DataSource
2024-07-15T13:36:52.196+09:00 DEBUG 12648 --- [evoproject] [http-nio-8090-exec-2] o.s.jdbc.datasource.DataSourceUtils      : Fetching JDBC Connection from DataSource
2024-07-15T13:36:52.290+09:00 DEBUG 12648 --- [evoproject] [http-nio-8090-exec-2] o.s.jdbc.datasource.DataSourceUtils      : Fetching JDBC Connection from DataSource
2024-07-15T13:36:54.520+09:00 DEBUG 12648 --- [evoproject] [http-nio-8090-exec-1] o.s.jdbc.datasource.DataSourceUtils      : Fetching JDBC Connection from DataSource
2024-07-15T13:36:54.537+09:00 DEBUG 12648 --- [evoproject] [http-nio-8090-exec-1] o.s.jdbc.datasource.DataSourceUtils      : Fetching JDBC Connection from DataSource
2024-07-15T13:36:54.626+09:00 DEBUG 12648 --- [evoproject] [http-nio-8090-exec-1] o.s.jdbc.datasource.DataSourceUtils      : Fetching JDBC Connection from DataSource
2024-07-15T13:36:54.644+09:00 DEBUG 12648 --- [evoproject] [http-nio-8090-exec-1] o.s.jdbc.datasource.DataSourceUtils      : Fetching JDBC Connection from DataSource
2024-07-15T13:36:54.687+09:00 DEBUG 12648 --- [evoproject] [http-nio-8090-exec-1] o.s.jdbc.datasource.DataSourceUtils      : Fetching JDBC Connection from DataSource
2024-07-15T13:36:54.708+09:00 DEBUG 12648 --- [evoproject] [http-nio-8090-exec-4] o.s.jdbc.datasource.DataSourceUtils      : Fetching JDBC Connection from DataSource
2024-07-15T13:36:54.721+09:00 DEBUG 12648 --- [evoproject] [http-nio-8090-exec-4] o.s.jdbc.datasource.DataSourceUtils      : Fetching JDBC Connection from DataSource
2024-07-15T13:36:54.748+09:00 DEBUG 12648 --- [evoproject] [http-nio-8090-exec-4] o.s.jdbc.datasource.DataSourceUtils      : Fetching JDBC Connection from DataSource
2024-07-15T13:36:56.043+09:00 DEBUG 12648 --- [evoproject] [http-nio-8090-exec-5] o.s.jdbc.datasource.DataSourceUtils      : Fetching JDBC Connection from DataSource
2024-07-15T13:36:56.058+09:00 DEBUG 12648 --- [evoproject] [http-nio-8090-exec-5] o.s.jdbc.datasource.DataSourceUtils      : Fetching JDBC Connection from DataSource
2024-07-15T13:36:56.079+09:00 DEBUG 12648 --- [evoproject] [http-nio-8090-exec-5] o.s.jdbc.datasource.DataSourceUtils      : Fetching JDBC Connection from DataSource
2024-07-15T13:36:56.183+09:00 DEBUG 12648 --- [evoproject] [http-nio-8090-exec-10] o.s.jdbc.datasource.DataSourceUtils      : Fetching JDBC Connection from DataSource
2024-07-15T13:36:56.192+09:00 DEBUG 12648 --- [evoproject] [http-nio-8090-exec-10] o.s.jdbc.datasource.DataSourceUtils      : Fetching JDBC Connection from DataSource
2024-07-15T13:36:56.201+09:00 DEBUG 12648 --- [evoproject] [http-nio-8090-exec-10] o.s.jdbc.datasource.DataSourceUtils      : Fetching JDBC Connection from DataSource
2024-07-15T13:37:06.618+09:00  INFO 12648 --- [evoproject] [http-nio-8090-exec-7] c.e.e.c.p.RetrieveProductsController     : 검색값에 맞는 제품 목록 요청 - 정렬기준: 의자 상품이름: pro_date_desc, 페이지: 1, 사이즈: 16
2024-07-15T13:37:06.624+09:00 DEBUG 12648 --- [evoproject] [http-nio-8090-exec-7] o.s.jdbc.support.JdbcTransactionManager  : Creating new transaction with name [com.evo.evoproject.service.product.ProductServiceImpl.searchProductByName]: PROPAGATION_REQUIRED,ISOLATION_DEFAULT,readOnly
2024-07-15T13:37:06.634+09:00 DEBUG 12648 --- [evoproject] [http-nio-8090-exec-7] o.s.jdbc.support.JdbcTransactionManager  : Acquired Connection [HikariProxyConnection@236027713 wrapping com.mysql.cj.jdbc.ConnectionImpl@2b67d06a] for JDBC transaction
2024-07-15T13:37:06.636+09:00 DEBUG 12648 --- [evoproject] [http-nio-8090-exec-7] o.s.jdbc.datasource.DataSourceUtils      : Setting JDBC Connection [HikariProxyConnection@236027713 wrapping com.mysql.cj.jdbc.ConnectionImpl@2b67d06a] read-only
2024-07-15T13:37:06.643+09:00 DEBUG 12648 --- [evoproject] [http-nio-8090-exec-7] o.s.jdbc.support.JdbcTransactionManager  : Switching JDBC Connection [HikariProxyConnection@236027713 wrapping com.mysql.cj.jdbc.ConnectionImpl@2b67d06a] to manual commit
2024-07-15T13:37:06.723+09:00  INFO 12648 --- [evoproject] [http-nio-8090-exec-7] c.e.e.s.product.ProductServiceImpl       : 검색값에 맞는 상품을 가져오는 서비스 - 상품이름: 의자, 정렬기준: pro_date_desc, 페이지: 1, 사이즈: 16
2024-07-15T13:37:06.776+09:00 DEBUG 12648 --- [evoproject] [http-nio-8090-exec-7] o.s.jdbc.support.JdbcTransactionManager  : Initiating transaction commit
2024-07-15T13:37:06.776+09:00 DEBUG 12648 --- [evoproject] [http-nio-8090-exec-7] o.s.jdbc.support.JdbcTransactionManager  : Committing JDBC transaction on Connection [HikariProxyConnection@236027713 wrapping com.mysql.cj.jdbc.ConnectionImpl@2b67d06a]
2024-07-15T13:37:06.826+09:00 DEBUG 12648 --- [evoproject] [http-nio-8090-exec-7] o.s.jdbc.datasource.DataSourceUtils      : Resetting read-only flag of JDBC Connection [HikariProxyConnection@236027713 wrapping com.mysql.cj.jdbc.ConnectionImpl@2b67d06a]
2024-07-15T13:37:06.834+09:00 DEBUG 12648 --- [evoproject] [http-nio-8090-exec-7] o.s.jdbc.support.JdbcTransactionManager  : Releasing JDBC Connection [HikariProxyConnection@236027713 wrapping com.mysql.cj.jdbc.ConnectionImpl@2b67d06a] after transaction
2024-07-15T13:37:07.125+09:00  WARN 12648 --- [evoproject] [http-nio-8090-exec-7] actStandardFragmentInsertionTagProcessor : [THYMELEAF][http-nio-8090-exec-7][product/list] Deprecated unwrapped fragment expression "header :: header" found in template product/list, line 60, col 9. Please use the complete syntax of fragment expressions instead ("~{header :: header}"). The old, unwrapped syntax for fragment expressions will be removed in future versions of Thymeleaf.
2024-07-15T13:37:07.132+09:00  WARN 12648 --- [evoproject] [http-nio-8090-exec-7] actStandardFragmentInsertionTagProcessor : [THYMELEAF][http-nio-8090-exec-7][product/list] Deprecated unwrapped fragment expression "footer :: footer" found in template product/list, line 117, col 9. Please use the complete syntax of fragment expressions instead ("~{footer :: footer}"). The old, unwrapped syntax for fragment expressions will be removed in future versions of Thymeleaf.
2024-07-15T13:37:15.845+09:00  INFO 12648 --- [evoproject] [http-nio-8090-exec-9] c.e.e.c.p.RetrieveProductsController     : 카테고리별 제품 목록 요청 - 정렬기준: pro_date_desc 카테고리 ID: 1, 페이지: 1, 사이즈: 16
2024-07-15T13:37:15.846+09:00 DEBUG 12648 --- [evoproject] [http-nio-8090-exec-9] o.s.jdbc.support.JdbcTransactionManager  : Creating new transaction with name [com.evo.evoproject.service.product.ProductServiceImpl.getProductsByCategory]: PROPAGATION_REQUIRED,ISOLATION_DEFAULT,readOnly
2024-07-15T13:37:15.857+09:00 DEBUG 12648 --- [evoproject] [http-nio-8090-exec-9] o.s.jdbc.support.JdbcTransactionManager  : Acquired Connection [HikariProxyConnection@880704969 wrapping com.mysql.cj.jdbc.ConnectionImpl@2b67d06a] for JDBC transaction
2024-07-15T13:37:15.857+09:00 DEBUG 12648 --- [evoproject] [http-nio-8090-exec-9] o.s.jdbc.datasource.DataSourceUtils      : Setting JDBC Connection [HikariProxyConnection@880704969 wrapping com.mysql.cj.jdbc.ConnectionImpl@2b67d06a] read-only
2024-07-15T13:37:15.865+09:00 DEBUG 12648 --- [evoproject] [http-nio-8090-exec-9] o.s.jdbc.support.JdbcTransactionManager  : Switching JDBC Connection [HikariProxyConnection@880704969 wrapping com.mysql.cj.jdbc.ConnectionImpl@2b67d06a] to manual commit
2024-07-15T13:37:15.873+09:00  INFO 12648 --- [evoproject] [http-nio-8090-exec-9] c.e.e.s.product.ProductServiceImpl       : 카테고리별 제품 목록을 가져오는 서비스 - 정렬 기준: pro_date_desc, 카테고리 ID: 1, 페이지: 1, 사이즈: 16
2024-07-15T13:37:15.889+09:00 DEBUG 12648 --- [evoproject] [http-nio-8090-exec-9] o.s.jdbc.support.JdbcTransactionManager  : Initiating transaction commit
2024-07-15T13:37:15.889+09:00 DEBUG 12648 --- [evoproject] [http-nio-8090-exec-9] o.s.jdbc.support.JdbcTransactionManager  : Committing JDBC transaction on Connection [HikariProxyConnection@880704969 wrapping com.mysql.cj.jdbc.ConnectionImpl@2b67d06a]
2024-07-15T13:37:15.903+09:00 DEBUG 12648 --- [evoproject] [http-nio-8090-exec-9] o.s.jdbc.datasource.DataSourceUtils      : Resetting read-only flag of JDBC Connection [HikariProxyConnection@880704969 wrapping com.mysql.cj.jdbc.ConnectionImpl@2b67d06a]
2024-07-15T13:37:15.911+09:00 DEBUG 12648 --- [evoproject] [http-nio-8090-exec-9] o.s.jdbc.support.JdbcTransactionManager  : Releasing JDBC Connection [HikariProxyConnection@880704969 wrapping com.mysql.cj.jdbc.ConnectionImpl@2b67d06a] after transaction
2024-07-15T13:37:15.913+09:00  WARN 12648 --- [evoproject] [http-nio-8090-exec-9] actStandardFragmentInsertionTagProcessor : [THYMELEAF][http-nio-8090-exec-9][product/list] Deprecated unwrapped fragment expression "header :: header" found in template product/list, line 60, col 9. Please use the complete syntax of fragment expressions instead ("~{header :: header}"). The old, unwrapped syntax for fragment expressions will be removed in future versions of Thymeleaf.
2024-07-15T13:37:15.917+09:00  WARN 12648 --- [evoproject] [http-nio-8090-exec-9] actStandardFragmentInsertionTagProcessor : [THYMELEAF][http-nio-8090-exec-9][product/list] Deprecated unwrapped fragment expression "footer :: footer" found in template product/list, line 117, col 9. Please use the complete syntax of fragment expressions instead ("~{footer :: footer}"). The old, unwrapped syntax for fragment expressions will be removed in future versions of Thymeleaf.
2024-07-15T13:37:18.954+09:00  INFO 12648 --- [evoproject] [http-nio-8090-exec-8] c.e.e.c.p.RetrieveProductsController     : 모든 제품 목록 요청 - 정렬기준: pro_date_desc, 페이지: 1, 사이즈: 16
2024-07-15T13:37:18.954+09:00 DEBUG 12648 --- [evoproject] [http-nio-8090-exec-8] o.s.jdbc.support.JdbcTransactionManager  : Creating new transaction with name [com.evo.evoproject.service.product.ProductServiceImpl.getAllProducts]: PROPAGATION_REQUIRED,ISOLATION_DEFAULT,readOnly
2024-07-15T13:37:18.963+09:00 DEBUG 12648 --- [evoproject] [http-nio-8090-exec-8] o.s.jdbc.support.JdbcTransactionManager  : Acquired Connection [HikariProxyConnection@580386561 wrapping com.mysql.cj.jdbc.ConnectionImpl@2b67d06a] for JDBC transaction
2024-07-15T13:37:18.963+09:00 DEBUG 12648 --- [evoproject] [http-nio-8090-exec-8] o.s.jdbc.datasource.DataSourceUtils      : Setting JDBC Connection [HikariProxyConnection@580386561 wrapping com.mysql.cj.jdbc.ConnectionImpl@2b67d06a] read-only
2024-07-15T13:37:18.970+09:00 DEBUG 12648 --- [evoproject] [http-nio-8090-exec-8] o.s.jdbc.support.JdbcTransactionManager  : Switching JDBC Connection [HikariProxyConnection@580386561 wrapping com.mysql.cj.jdbc.ConnectionImpl@2b67d06a] to manual commit
2024-07-15T13:37:19.016+09:00  INFO 12648 --- [evoproject] [http-nio-8090-exec-8] c.e.e.s.product.ProductServiceImpl       : 모든 제품 목록을 가져오는 서비스 - 정렬기준: pro_date_desc, 페이지: 1, 사이즈: 16
2024-07-15T13:37:19.037+09:00 DEBUG 12648 --- [evoproject] [http-nio-8090-exec-8] o.s.jdbc.support.JdbcTransactionManager  : Initiating transaction commit
2024-07-15T13:37:19.037+09:00 DEBUG 12648 --- [evoproject] [http-nio-8090-exec-8] o.s.jdbc.support.JdbcTransactionManager  : Committing JDBC transaction on Connection [HikariProxyConnection@580386561 wrapping com.mysql.cj.jdbc.ConnectionImpl@2b67d06a]
2024-07-15T13:37:19.050+09:00 DEBUG 12648 --- [evoproject] [http-nio-8090-exec-8] o.s.jdbc.datasource.DataSourceUtils      : Resetting read-only flag of JDBC Connection [HikariProxyConnection@580386561 wrapping com.mysql.cj.jdbc.ConnectionImpl@2b67d06a]
2024-07-15T13:37:19.118+09:00 DEBUG 12648 --- [evoproject] [http-nio-8090-exec-8] o.s.jdbc.support.JdbcTransactionManager  : Releasing JDBC Connection [HikariProxyConnection@580386561 wrapping com.mysql.cj.jdbc.ConnectionImpl@2b67d06a] after transaction
2024-07-15T13:37:19.119+09:00  WARN 12648 --- [evoproject] [http-nio-8090-exec-8] actStandardFragmentInsertionTagProcessor : [THYMELEAF][http-nio-8090-exec-8][product/list] Deprecated unwrapped fragment expression "header :: header" found in template product/list, line 60, col 9. Please use the complete syntax of fragment expressions instead ("~{header :: header}"). The old, unwrapped syntax for fragment expressions will be removed in future versions of Thymeleaf.
2024-07-15T13:37:19.125+09:00  WARN 12648 --- [evoproject] [http-nio-8090-exec-8] actStandardFragmentInsertionTagProcessor : [THYMELEAF][http-nio-8090-exec-8][product/list] Deprecated unwrapped fragment expression "footer :: footer" found in template product/list, line 117, col 9. Please use the complete syntax of fragment expressions instead ("~{footer :: footer}"). The old, unwrapped syntax for fragment expressions will be removed in future versions of Thymeleaf.
2024-07-15T13:37:21.121+09:00  INFO 12648 --- [evoproject] [scheduling-1] c.e.e.s.product.ProductServiceImpl       : 조회수 업데이트 작업을 시작합니다.
2024-07-15T13:37:21.121+09:00  INFO 12648 --- [evoproject] [scheduling-1] c.e.e.s.product.ProductServiceImpl       : 조회수 업데이트 작업을 완료했습니다.
2024-07-15T13:37:22.230+09:00  INFO 12648 --- [evoproject] [http-nio-8090-exec-4] c.e.e.c.p.RetrieveProductsController     : 모든 제품 목록 요청 - 정렬기준: pro_date_desc, 페이지: 2, 사이즈: 16
2024-07-15T13:37:22.231+09:00 DEBUG 12648 --- [evoproject] [http-nio-8090-exec-4] o.s.jdbc.support.JdbcTransactionManager  : Creating new transaction with name [com.evo.evoproject.service.product.ProductServiceImpl.getAllProducts]: PROPAGATION_REQUIRED,ISOLATION_DEFAULT,readOnly
2024-07-15T13:37:22.239+09:00 DEBUG 12648 --- [evoproject] [http-nio-8090-exec-4] o.s.jdbc.support.JdbcTransactionManager  : Acquired Connection [HikariProxyConnection@753413034 wrapping com.mysql.cj.jdbc.ConnectionImpl@3d839724] for JDBC transaction
2024-07-15T13:37:22.239+09:00 DEBUG 12648 --- [evoproject] [http-nio-8090-exec-4] o.s.jdbc.datasource.DataSourceUtils      : Setting JDBC Connection [HikariProxyConnection@753413034 wrapping com.mysql.cj.jdbc.ConnectionImpl@3d839724] read-only
2024-07-15T13:37:22.247+09:00 DEBUG 12648 --- [evoproject] [http-nio-8090-exec-4] o.s.jdbc.support.JdbcTransactionManager  : Switching JDBC Connection [HikariProxyConnection@753413034 wrapping com.mysql.cj.jdbc.ConnectionImpl@3d839724] to manual commit
2024-07-15T13:37:22.293+09:00  INFO 12648 --- [evoproject] [http-nio-8090-exec-4] c.e.e.s.product.ProductServiceImpl       : 모든 제품 목록을 가져오는 서비스 - 정렬기준: pro_date_desc, 페이지: 2, 사이즈: 16
2024-07-15T13:37:22.396+09:00 DEBUG 12648 --- [evoproject] [http-nio-8090-exec-4] o.s.jdbc.support.JdbcTransactionManager  : Initiating transaction commit
2024-07-15T13:37:22.396+09:00 DEBUG 12648 --- [evoproject] [http-nio-8090-exec-4] o.s.jdbc.support.JdbcTransactionManager  : Committing JDBC transaction on Connection [HikariProxyConnection@753413034 wrapping com.mysql.cj.jdbc.ConnectionImpl@3d839724]
2024-07-15T13:37:22.410+09:00 DEBUG 12648 --- [evoproject] [http-nio-8090-exec-4] o.s.jdbc.datasource.DataSourceUtils      : Resetting read-only flag of JDBC Connection [HikariProxyConnection@753413034 wrapping com.mysql.cj.jdbc.ConnectionImpl@3d839724]
2024-07-15T13:37:22.498+09:00 DEBUG 12648 --- [evoproject] [http-nio-8090-exec-4] o.s.jdbc.support.JdbcTransactionManager  : Releasing JDBC Connection [HikariProxyConnection@753413034 wrapping com.mysql.cj.jdbc.ConnectionImpl@3d839724] after transaction
2024-07-15T13:37:22.499+09:00  WARN 12648 --- [evoproject] [http-nio-8090-exec-4] actStandardFragmentInsertionTagProcessor : [THYMELEAF][http-nio-8090-exec-4][product/list] Deprecated unwrapped fragment expression "header :: header" found in template product/list, line 60, col 9. Please use the complete syntax of fragment expressions instead ("~{header :: header}"). The old, unwrapped syntax for fragment expressions will be removed in future versions of Thymeleaf.
2024-07-15T13:37:22.503+09:00  WARN 12648 --- [evoproject] [http-nio-8090-exec-4] actStandardFragmentInsertionTagProcessor : [THYMELEAF][http-nio-8090-exec-4][product/list] Deprecated unwrapped fragment expression "footer :: footer" found in template product/list, line 117, col 9. Please use the complete syntax of fragment expressions instead ("~{footer :: footer}"). The old, unwrapped syntax for fragment expressions will be removed in future versions of Thymeleaf.
2024-07-15T13:37:23.818+09:00  INFO 12648 --- [evoproject] [http-nio-8090-exec-7] c.e.e.c.p.RetrieveProductsController     : 모든 제품 목록 요청 - 정렬기준: pro_date_desc, 페이지: 1, 사이즈: 16
2024-07-15T13:37:23.818+09:00 DEBUG 12648 --- [evoproject] [http-nio-8090-exec-7] o.s.jdbc.support.JdbcTransactionManager  : Creating new transaction with name [com.evo.evoproject.service.product.ProductServiceImpl.getAllProducts]: PROPAGATION_REQUIRED,ISOLATION_DEFAULT,readOnly
2024-07-15T13:37:23.826+09:00 DEBUG 12648 --- [evoproject] [http-nio-8090-exec-7] o.s.jdbc.support.JdbcTransactionManager  : Acquired Connection [HikariProxyConnection@381387070 wrapping com.mysql.cj.jdbc.ConnectionImpl@2b67d06a] for JDBC transaction
2024-07-15T13:37:23.826+09:00 DEBUG 12648 --- [evoproject] [http-nio-8090-exec-7] o.s.jdbc.datasource.DataSourceUtils      : Setting JDBC Connection [HikariProxyConnection@381387070 wrapping com.mysql.cj.jdbc.ConnectionImpl@2b67d06a] read-only
2024-07-15T13:37:23.833+09:00 DEBUG 12648 --- [evoproject] [http-nio-8090-exec-7] o.s.jdbc.support.JdbcTransactionManager  : Switching JDBC Connection [HikariProxyConnection@381387070 wrapping com.mysql.cj.jdbc.ConnectionImpl@2b67d06a] to manual commit
2024-07-15T13:37:23.840+09:00  INFO 12648 --- [evoproject] [http-nio-8090-exec-7] c.e.e.s.product.ProductServiceImpl       : 모든 제품 목록을 가져오는 서비스 - 정렬기준: pro_date_desc, 페이지: 1, 사이즈: 16
2024-07-15T13:37:23.861+09:00 DEBUG 12648 --- [evoproject] [http-nio-8090-exec-7] o.s.jdbc.support.JdbcTransactionManager  : Initiating transaction commit
2024-07-15T13:37:23.861+09:00 DEBUG 12648 --- [evoproject] [http-nio-8090-exec-7] o.s.jdbc.support.JdbcTransactionManager  : Committing JDBC transaction on Connection [HikariProxyConnection@381387070 wrapping com.mysql.cj.jdbc.ConnectionImpl@2b67d06a]
2024-07-15T13:37:23.938+09:00 DEBUG 12648 --- [evoproject] [http-nio-8090-exec-7] o.s.jdbc.datasource.DataSourceUtils      : Resetting read-only flag of JDBC Connection [HikariProxyConnection@381387070 wrapping com.mysql.cj.jdbc.ConnectionImpl@2b67d06a]
2024-07-15T13:37:23.945+09:00 DEBUG 12648 --- [evoproject] [http-nio-8090-exec-7] o.s.jdbc.support.JdbcTransactionManager  : Releasing JDBC Connection [HikariProxyConnection@381387070 wrapping com.mysql.cj.jdbc.ConnectionImpl@2b67d06a] after transaction
2024-07-15T13:37:23.946+09:00  WARN 12648 --- [evoproject] [http-nio-8090-exec-7] actStandardFragmentInsertionTagProcessor : [THYMELEAF][http-nio-8090-exec-7][product/list] Deprecated unwrapped fragment expression "header :: header" found in template product/list, line 60, col 9. Please use the complete syntax of fragment expressions instead ("~{header :: header}"). The old, unwrapped syntax for fragment expressions will be removed in future versions of Thymeleaf.
2024-07-15T13:37:23.951+09:00  WARN 12648 --- [evoproject] [http-nio-8090-exec-7] actStandardFragmentInsertionTagProcessor : [THYMELEAF][http-nio-8090-exec-7][product/list] Deprecated unwrapped fragment expression "footer :: footer" found in template product/list, line 117, col 9. Please use the complete syntax of fragment expressions instead ("~{footer :: footer}"). The old, unwrapped syntax for fragment expressions will be removed in future versions of Thymeleaf.
2024-07-15T13:37:29.870+09:00  INFO 12648 --- [evoproject] [http-nio-8090-exec-10] c.e.e.c.p.RetrieveProductsController     : 모든 제품 목록 요청 - 정렬기준: price_asc, 페이지: 1, 사이즈: 16
2024-07-15T13:37:29.870+09:00 DEBUG 12648 --- [evoproject] [http-nio-8090-exec-10] o.s.jdbc.support.JdbcTransactionManager  : Creating new transaction with name [com.evo.evoproject.service.product.ProductServiceImpl.getAllProducts]: PROPAGATION_REQUIRED,ISOLATION_DEFAULT,readOnly
2024-07-15T13:37:29.879+09:00 DEBUG 12648 --- [evoproject] [http-nio-8090-exec-10] o.s.jdbc.support.JdbcTransactionManager  : Acquired Connection [HikariProxyConnection@199857422 wrapping com.mysql.cj.jdbc.ConnectionImpl@2b67d06a] for JDBC transaction
2024-07-15T13:37:29.879+09:00 DEBUG 12648 --- [evoproject] [http-nio-8090-exec-10] o.s.jdbc.datasource.DataSourceUtils      : Setting JDBC Connection [HikariProxyConnection@199857422 wrapping com.mysql.cj.jdbc.ConnectionImpl@2b67d06a] read-only
2024-07-15T13:37:29.887+09:00 DEBUG 12648 --- [evoproject] [http-nio-8090-exec-10] o.s.jdbc.support.JdbcTransactionManager  : Switching JDBC Connection [HikariProxyConnection@199857422 wrapping com.mysql.cj.jdbc.ConnectionImpl@2b67d06a] to manual commit
2024-07-15T13:37:29.903+09:00  INFO 12648 --- [evoproject] [http-nio-8090-exec-10] c.e.e.s.product.ProductServiceImpl       : 모든 제품 목록을 가져오는 서비스 - 정렬기준: price_asc, 페이지: 1, 사이즈: 16
2024-07-15T13:37:29.921+09:00 DEBUG 12648 --- [evoproject] [http-nio-8090-exec-10] o.s.jdbc.support.JdbcTransactionManager  : Initiating transaction commit
2024-07-15T13:37:29.922+09:00 DEBUG 12648 --- [evoproject] [http-nio-8090-exec-10] o.s.jdbc.support.JdbcTransactionManager  : Committing JDBC transaction on Connection [HikariProxyConnection@199857422 wrapping com.mysql.cj.jdbc.ConnectionImpl@2b67d06a]
2024-07-15T13:37:29.937+09:00 DEBUG 12648 --- [evoproject] [http-nio-8090-exec-10] o.s.jdbc.datasource.DataSourceUtils      : Resetting read-only flag of JDBC Connection [HikariProxyConnection@199857422 wrapping com.mysql.cj.jdbc.ConnectionImpl@2b67d06a]
2024-07-15T13:37:29.973+09:00 DEBUG 12648 --- [evoproject] [http-nio-8090-exec-10] o.s.jdbc.support.JdbcTransactionManager  : Releasing JDBC Connection [HikariProxyConnection@199857422 wrapping com.mysql.cj.jdbc.ConnectionImpl@2b67d06a] after transaction
2024-07-15T13:37:29.974+09:00  WARN 12648 --- [evoproject] [http-nio-8090-exec-10] actStandardFragmentInsertionTagProcessor : [THYMELEAF][http-nio-8090-exec-10][product/list] Deprecated unwrapped fragment expression "header :: header" found in template product/list, line 60, col 9. Please use the complete syntax of fragment expressions instead ("~{header :: header}"). The old, unwrapped syntax for fragment expressions will be removed in future versions of Thymeleaf.
2024-07-15T13:37:29.979+09:00  WARN 12648 --- [evoproject] [http-nio-8090-exec-10] actStandardFragmentInsertionTagProcessor : [THYMELEAF][http-nio-8090-exec-10][product/list] Deprecated unwrapped fragment expression "footer :: footer" found in template product/list, line 117, col 9. Please use the complete syntax of fragment expressions instead ("~{footer :: footer}"). The old, unwrapped syntax for fragment expressions will be removed in future versions of Thymeleaf.
2024-07-15T13:37:45.070+09:00 DEBUG 12648 --- [evoproject] [http-nio-8090-exec-4] o.s.jdbc.datasource.DataSourceUtils      : Fetching JDBC Connection from DataSource
2024-07-15T13:37:54.719+09:00 DEBUG 12648 --- [evoproject] [http-nio-8090-exec-7] o.s.jdbc.datasource.DataSourceUtils      : Fetching JDBC Connection from DataSource
2024-07-15T13:37:56.019+09:00 DEBUG 12648 --- [evoproject] [http-nio-8090-exec-10] o.s.jdbc.support.JdbcTransactionManager  : Creating new transaction with name [com.evo.evoproject.service.cart.CartServiceImpl.getCartItemsByUser]: PROPAGATION_REQUIRED,ISOLATION_DEFAULT,readOnly
2024-07-15T13:37:56.030+09:00 DEBUG 12648 --- [evoproject] [http-nio-8090-exec-10] o.s.jdbc.support.JdbcTransactionManager  : Acquired Connection [HikariProxyConnection@1573248692 wrapping com.mysql.cj.jdbc.ConnectionImpl@2b67d06a] for JDBC transaction
2024-07-15T13:37:56.030+09:00 DEBUG 12648 --- [evoproject] [http-nio-8090-exec-10] o.s.jdbc.datasource.DataSourceUtils      : Setting JDBC Connection [HikariProxyConnection@1573248692 wrapping com.mysql.cj.jdbc.ConnectionImpl@2b67d06a] read-only
2024-07-15T13:37:56.037+09:00 DEBUG 12648 --- [evoproject] [http-nio-8090-exec-10] o.s.jdbc.support.JdbcTransactionManager  : Switching JDBC Connection [HikariProxyConnection@1573248692 wrapping com.mysql.cj.jdbc.ConnectionImpl@2b67d06a] to manual commit
2024-07-15T13:37:56.088+09:00 DEBUG 12648 --- [evoproject] [http-nio-8090-exec-10] o.s.jdbc.support.JdbcTransactionManager  : Initiating transaction commit
2024-07-15T13:37:56.088+09:00 DEBUG 12648 --- [evoproject] [http-nio-8090-exec-10] o.s.jdbc.support.JdbcTransactionManager  : Committing JDBC transaction on Connection [HikariProxyConnection@1573248692 wrapping com.mysql.cj.jdbc.ConnectionImpl@2b67d06a]
2024-07-15T13:37:56.102+09:00 DEBUG 12648 --- [evoproject] [http-nio-8090-exec-10] o.s.jdbc.datasource.DataSourceUtils      : Resetting read-only flag of JDBC Connection [HikariProxyConnection@1573248692 wrapping com.mysql.cj.jdbc.ConnectionImpl@2b67d06a]
2024-07-15T13:37:56.109+09:00 DEBUG 12648 --- [evoproject] [http-nio-8090-exec-10] o.s.jdbc.support.JdbcTransactionManager  : Releasing JDBC Connection [HikariProxyConnection@1573248692 wrapping com.mysql.cj.jdbc.ConnectionImpl@2b67d06a] after transaction
2024-07-15T13:37:56.110+09:00  INFO 12648 --- [evoproject] [http-nio-8090-exec-10] c.e.e.controller.main.CartController     : 사용자 1의 장바구니 항목 조회: 4개의 상품
2024-07-15T13:37:56.287+09:00 DEBUG 12648 --- [evoproject] [http-nio-8090-exec-4] o.s.jdbc.support.JdbcTransactionManager  : Creating new transaction with name [com.evo.evoproject.service.cart.CartServiceImpl.getCartItemsByUser]: PROPAGATION_REQUIRED,ISOLATION_DEFAULT,readOnly
2024-07-15T13:37:56.294+09:00 DEBUG 12648 --- [evoproject] [http-nio-8090-exec-4] o.s.jdbc.support.JdbcTransactionManager  : Acquired Connection [HikariProxyConnection@1899494656 wrapping com.mysql.cj.jdbc.ConnectionImpl@3d839724] for JDBC transaction
2024-07-15T13:37:56.294+09:00 DEBUG 12648 --- [evoproject] [http-nio-8090-exec-4] o.s.jdbc.datasource.DataSourceUtils      : Setting JDBC Connection [HikariProxyConnection@1899494656 wrapping com.mysql.cj.jdbc.ConnectionImpl@3d839724] read-only
2024-07-15T13:37:56.301+09:00 DEBUG 12648 --- [evoproject] [http-nio-8090-exec-4] o.s.jdbc.support.JdbcTransactionManager  : Switching JDBC Connection [HikariProxyConnection@1899494656 wrapping com.mysql.cj.jdbc.ConnectionImpl@3d839724] to manual commit
2024-07-15T13:37:56.316+09:00 DEBUG 12648 --- [evoproject] [http-nio-8090-exec-4] o.s.jdbc.support.JdbcTransactionManager  : Initiating transaction commit
2024-07-15T13:37:56.316+09:00 DEBUG 12648 --- [evoproject] [http-nio-8090-exec-4] o.s.jdbc.support.JdbcTransactionManager  : Committing JDBC transaction on Connection [HikariProxyConnection@1899494656 wrapping com.mysql.cj.jdbc.ConnectionImpl@3d839724]
2024-07-15T13:37:56.329+09:00 DEBUG 12648 --- [evoproject] [http-nio-8090-exec-4] o.s.jdbc.datasource.DataSourceUtils      : Resetting read-only flag of JDBC Connection [HikariProxyConnection@1899494656 wrapping com.mysql.cj.jdbc.ConnectionImpl@3d839724]
2024-07-15T13:37:56.335+09:00 DEBUG 12648 --- [evoproject] [http-nio-8090-exec-4] o.s.jdbc.support.JdbcTransactionManager  : Releasing JDBC Connection [HikariProxyConnection@1899494656 wrapping com.mysql.cj.jdbc.ConnectionImpl@3d839724] after transaction
2024-07-15T13:37:56.335+09:00  INFO 12648 --- [evoproject] [http-nio-8090-exec-4] c.e.e.controller.main.CartController     : 사용자 1의 장바구니 항목 조회: 4개의 상품
2024-07-15T13:38:21.131+09:00  INFO 12648 --- [evoproject] [scheduling-1] c.e.e.s.product.ProductServiceImpl       : 조회수 업데이트 작업을 시작합니다.
2024-07-15T13:38:21.131+09:00  INFO 12648 --- [evoproject] [scheduling-1] c.e.e.s.product.ProductServiceImpl       : 조회수 업데이트 작업을 완료했습니다.
2024-07-15T13:39:21.129+09:00  INFO 12648 --- [evoproject] [scheduling-1] c.e.e.s.product.ProductServiceImpl       : 조회수 업데이트 작업을 시작합니다.
2024-07-15T13:39:21.129+09:00  INFO 12648 --- [evoproject] [scheduling-1] c.e.e.s.product.ProductServiceImpl       : 조회수 업데이트 작업을 완료했습니다.
2024-07-15T13:40:21.117+09:00  INFO 12648 --- [evoproject] [scheduling-1] c.e.e.s.product.ProductServiceImpl       : 조회수 업데이트 작업을 시작합니다.
2024-07-15T13:40:21.117+09:00  INFO 12648 --- [evoproject] [scheduling-1] c.e.e.s.product.ProductServiceImpl       : 조회수 업데이트 작업을 완료했습니다.
2024-07-15T13:41:21.127+09:00  INFO 12648 --- [evoproject] [scheduling-1] c.e.e.s.product.ProductServiceImpl       : 조회수 업데이트 작업을 시작합니다.
2024-07-15T13:41:21.127+09:00  INFO 12648 --- [evoproject] [scheduling-1] c.e.e.s.product.ProductServiceImpl       : 조회수 업데이트 작업을 완료했습니다.
2024-07-15T13:41:52.877+09:00  INFO 12648 --- [evoproject] [SpringApplicationShutdownHook] com.zaxxer.hikari.HikariDataSource       : HikariPool-1 - Shutdown initiated...
2024-07-15T13:41:53.143+09:00  INFO 12648 --- [evoproject] [SpringApplicationShutdownHook] com.zaxxer.hikari.HikariDataSource       : HikariPool-1 - Shutdown completed.
2024-07-18T14:08:42.795+09:00  INFO 8876 --- [evoproject] [main] c.evo.evoproject.EvoprojectApplication   : Starting EvoprojectApplication using Java 17.0.11 with PID 8876 (D:\EVO\evoproject\build\classes\java\main started by skygv in D:\EVO)
2024-07-18T14:08:42.796+09:00  INFO 8876 --- [evoproject] [main] c.evo.evoproject.EvoprojectApplication   : No active profile set, falling back to 1 default profile: "default"
2024-07-18T14:08:43.992+09:00  INFO 8876 --- [evoproject] [main] o.s.b.w.embedded.tomcat.TomcatWebServer  : Tomcat initialized with port 8090 (http)
2024-07-18T14:08:44.008+09:00  INFO 8876 --- [evoproject] [main] o.apache.catalina.core.StandardService   : Starting service [Tomcat]
2024-07-18T14:08:44.008+09:00  INFO 8876 --- [evoproject] [main] o.apache.catalina.core.StandardEngine    : Starting Servlet engine: [Apache Tomcat/10.1.25]
2024-07-18T14:08:44.074+09:00  INFO 8876 --- [evoproject] [main] o.a.c.c.C.[Tomcat].[localhost].[/]       : Initializing Spring embedded WebApplicationContext
2024-07-18T14:08:44.075+09:00  INFO 8876 --- [evoproject] [main] w.s.c.ServletWebServerApplicationContext : Root WebApplicationContext: initialization completed in 1232 ms
2024-07-18T14:08:44.127+09:00  WARN 8876 --- [evoproject] [main] ConfigServletWebServerApplicationContext : Exception encountered during context initialization - cancelling refresh attempt: org.springframework.beans.factory.BeanCreationException: Error creating bean with name 'amazonS3Config': Injection of autowired dependencies failed
2024-07-18T14:08:44.129+09:00  INFO 8876 --- [evoproject] [main] o.apache.catalina.core.StandardService   : Stopping service [Tomcat]
2024-07-18T14:08:44.143+09:00  INFO 8876 --- [evoproject] [main] .s.b.a.l.ConditionEvaluationReportLogger : 

Error starting ApplicationContext. To display the condition evaluation report re-run your application with 'debug' enabled.
2024-07-18T14:08:44.161+09:00 ERROR 8876 --- [evoproject] [main] o.s.boot.SpringApplication               : Application run failed

org.springframework.beans.factory.BeanCreationException: Error creating bean with name 'amazonS3Config': Injection of autowired dependencies failed
	at org.springframework.beans.factory.annotation.AutowiredAnnotationBeanPostProcessor.postProcessProperties(AutowiredAnnotationBeanPostProcessor.java:514) ~[spring-beans-6.1.10.jar:6.1.10]
	at org.springframework.beans.factory.support.AbstractAutowireCapableBeanFactory.populateBean(AbstractAutowireCapableBeanFactory.java:1421) ~[spring-beans-6.1.10.jar:6.1.10]
	at org.springframework.beans.factory.support.AbstractAutowireCapableBeanFactory.doCreateBean(AbstractAutowireCapableBeanFactory.java:599) ~[spring-beans-6.1.10.jar:6.1.10]
	at org.springframework.beans.factory.support.AbstractAutowireCapableBeanFactory.createBean(AbstractAutowireCapableBeanFactory.java:522) ~[spring-beans-6.1.10.jar:6.1.10]
	at org.springframework.beans.factory.support.AbstractBeanFactory.lambda$doGetBean$0(AbstractBeanFactory.java:337) ~[spring-beans-6.1.10.jar:6.1.10]
	at org.springframework.beans.factory.support.DefaultSingletonBeanRegistry.getSingleton(DefaultSingletonBeanRegistry.java:234) ~[spring-beans-6.1.10.jar:6.1.10]
	at org.springframework.beans.factory.support.AbstractBeanFactory.doGetBean(AbstractBeanFactory.java:335) ~[spring-beans-6.1.10.jar:6.1.10]
	at org.springframework.beans.factory.support.AbstractBeanFactory.getBean(AbstractBeanFactory.java:200) ~[spring-beans-6.1.10.jar:6.1.10]
	at org.springframework.beans.factory.support.DefaultListableBeanFactory.preInstantiateSingletons(DefaultListableBeanFactory.java:975) ~[spring-beans-6.1.10.jar:6.1.10]
	at org.springframework.context.support.AbstractApplicationContext.finishBeanFactoryInitialization(AbstractApplicationContext.java:962) ~[spring-context-6.1.10.jar:6.1.10]
	at org.springframework.context.support.AbstractApplicationContext.refresh(AbstractApplicationContext.java:624) ~[spring-context-6.1.10.jar:6.1.10]
	at org.springframework.boot.web.servlet.context.ServletWebServerApplicationContext.refresh(ServletWebServerApplicationContext.java:146) ~[spring-boot-3.2.7.jar:3.2.7]
	at org.springframework.boot.SpringApplication.refresh(SpringApplication.java:754) ~[spring-boot-3.2.7.jar:3.2.7]
	at org.springframework.boot.SpringApplication.refreshContext(SpringApplication.java:456) ~[spring-boot-3.2.7.jar:3.2.7]
	at org.springframework.boot.SpringApplication.run(SpringApplication.java:335) ~[spring-boot-3.2.7.jar:3.2.7]
	at org.springframework.boot.SpringApplication.run(SpringApplication.java:1363) ~[spring-boot-3.2.7.jar:3.2.7]
	at org.springframework.boot.SpringApplication.run(SpringApplication.java:1352) ~[spring-boot-3.2.7.jar:3.2.7]
	at com.evo.evoproject.EvoprojectApplication.main(EvoprojectApplication.java:9) ~[main/:na]
Caused by: java.lang.IllegalArgumentException: Could not resolve placeholder 'cloud.aws.credentials.accessKey' in value "${cloud.aws.credentials.accessKey}"
	at org.springframework.util.PropertyPlaceholderHelper.parseStringValue(PropertyPlaceholderHelper.java:180) ~[spring-core-6.1.10.jar:6.1.10]
	at org.springframework.util.PropertyPlaceholderHelper.replacePlaceholders(PropertyPlaceholderHelper.java:126) ~[spring-core-6.1.10.jar:6.1.10]
	at org.springframework.core.env.AbstractPropertyResolver.doResolvePlaceholders(AbstractPropertyResolver.java:239) ~[spring-core-6.1.10.jar:6.1.10]
	at org.springframework.core.env.AbstractPropertyResolver.resolveRequiredPlaceholders(AbstractPropertyResolver.java:210) ~[spring-core-6.1.10.jar:6.1.10]
	at org.springframework.context.support.PropertySourcesPlaceholderConfigurer.lambda$processProperties$0(PropertySourcesPlaceholderConfigurer.java:200) ~[spring-context-6.1.10.jar:6.1.10]
	at org.springframework.beans.factory.support.AbstractBeanFactory.resolveEmbeddedValue(AbstractBeanFactory.java:964) ~[spring-beans-6.1.10.jar:6.1.10]
	at org.springframework.beans.factory.support.DefaultListableBeanFactory.doResolveDependency(DefaultListableBeanFactory.java:1374) ~[spring-beans-6.1.10.jar:6.1.10]
	at org.springframework.beans.factory.support.DefaultListableBeanFactory.resolveDependency(DefaultListableBeanFactory.java:1353) ~[spring-beans-6.1.10.jar:6.1.10]
	at org.springframework.beans.factory.annotation.AutowiredAnnotationBeanPostProcessor$AutowiredFieldElement.resolveFieldValue(AutowiredAnnotationBeanPostProcessor.java:784) ~[spring-beans-6.1.10.jar:6.1.10]
	at org.springframework.beans.factory.annotation.AutowiredAnnotationBeanPostProcessor$AutowiredFieldElement.inject(AutowiredAnnotationBeanPostProcessor.java:767) ~[spring-beans-6.1.10.jar:6.1.10]
	at org.springframework.beans.factory.annotation.InjectionMetadata.inject(InjectionMetadata.java:145) ~[spring-beans-6.1.10.jar:6.1.10]
	at org.springframework.beans.factory.annotation.AutowiredAnnotationBeanPostProcessor.postProcessProperties(AutowiredAnnotationBeanPostProcessor.java:508) ~[spring-beans-6.1.10.jar:6.1.10]
	... 17 common frames omitted

2024-07-18T14:08:59.950+09:00  INFO 26028 --- [evoproject] [main] c.evo.evoproject.EvoprojectApplication   : Starting EvoprojectApplication using Java 17.0.11 with PID 26028 (D:\EVO\evoproject\build\classes\java\main started by skygv in D:\EVO)
2024-07-18T14:08:59.952+09:00  INFO 26028 --- [evoproject] [main] c.evo.evoproject.EvoprojectApplication   : No active profile set, falling back to 1 default profile: "default"
2024-07-18T14:09:01.064+09:00  INFO 26028 --- [evoproject] [main] o.s.b.w.embedded.tomcat.TomcatWebServer  : Tomcat initialized with port 8090 (http)
2024-07-18T14:09:01.080+09:00  INFO 26028 --- [evoproject] [main] o.apache.catalina.core.StandardService   : Starting service [Tomcat]
2024-07-18T14:09:01.080+09:00  INFO 26028 --- [evoproject] [main] o.apache.catalina.core.StandardEngine    : Starting Servlet engine: [Apache Tomcat/10.1.25]
2024-07-18T14:09:01.135+09:00  INFO 26028 --- [evoproject] [main] o.a.c.c.C.[Tomcat].[localhost].[/]       : Initializing Spring embedded WebApplicationContext
2024-07-18T14:09:01.136+09:00  INFO 26028 --- [evoproject] [main] w.s.c.ServletWebServerApplicationContext : Root WebApplicationContext: initialization completed in 1138 ms
2024-07-18T14:09:02.063+09:00  INFO 26028 --- [evoproject] [main] o.s.b.a.w.s.WelcomePageHandlerMapping    : Adding welcome page template: index
2024-07-18T14:09:02.253+09:00  INFO 26028 --- [evoproject] [main] o.s.s.web.DefaultSecurityFilterChain     : Will secure any request with [org.springframework.security.web.session.DisableEncodeUrlFilter@29c244e, org.springframework.security.web.context.request.async.WebAsyncManagerIntegrationFilter@6cc8da1c, org.springframework.security.web.context.SecurityContextHolderFilter@402a69f, org.springframework.security.web.header.HeaderWriterFilter@10f20d38, org.springframework.web.filter.CorsFilter@39a3984c, org.springframework.security.web.authentication.logout.LogoutFilter@182e4365, org.springframework.security.web.authentication.UsernamePasswordAuthenticationFilter@603d25db, org.springframework.security.web.savedrequest.RequestCacheAwareFilter@2d47b06, org.springframework.security.web.servletapi.SecurityContextHolderAwareRequestFilter@48106381, org.springframework.security.web.authentication.AnonymousAuthenticationFilter@4404a6b, org.springframework.security.web.access.ExceptionTranslationFilter@4f3fec43, org.springframework.security.web.access.intercept.AuthorizationFilter@3f9f8d23]
2024-07-18T14:09:02.542+09:00  INFO 26028 --- [evoproject] [main] o.s.b.w.embedded.tomcat.TomcatWebServer  : Tomcat started on port 8090 (http) with context path ''
2024-07-18T14:09:02.552+09:00  INFO 26028 --- [evoproject] [main] c.evo.evoproject.EvoprojectApplication   : Started EvoprojectApplication in 3.009 seconds (process running for 3.671)
2024-07-18T14:09:02.556+09:00  INFO 26028 --- [evoproject] [scheduling-1] c.e.e.s.product.ProductServiceImpl       : 조회수 업데이트 작업을 시작합니다.
2024-07-18T14:09:02.557+09:00  INFO 26028 --- [evoproject] [scheduling-1] c.e.e.s.product.ProductServiceImpl       : 조회수 업데이트 작업을 완료했습니다.
2024-07-18T14:09:07.212+09:00  INFO 26028 --- [evoproject] [http-nio-8090-exec-2] o.a.c.c.C.[Tomcat].[localhost].[/]       : Initializing Spring DispatcherServlet 'dispatcherServlet'
2024-07-18T14:09:07.212+09:00  INFO 26028 --- [evoproject] [http-nio-8090-exec-2] o.s.web.servlet.DispatcherServlet        : Initializing Servlet 'dispatcherServlet'
2024-07-18T14:09:07.213+09:00  INFO 26028 --- [evoproject] [http-nio-8090-exec-2] o.s.web.servlet.DispatcherServlet        : Completed initialization in 1 ms
2024-07-18T14:09:16.745+09:00 DEBUG 26028 --- [evoproject] [http-nio-8090-exec-9] o.s.jdbc.datasource.DataSourceUtils      : Fetching JDBC Connection from DataSource
2024-07-18T14:09:16.745+09:00  INFO 26028 --- [evoproject] [http-nio-8090-exec-9] com.zaxxer.hikari.HikariDataSource       : HikariPool-1 - Starting...
2024-07-18T14:09:17.037+09:00  INFO 26028 --- [evoproject] [http-nio-8090-exec-9] com.zaxxer.hikari.pool.HikariPool        : HikariPool-1 - Added connection com.mysql.cj.jdbc.ConnectionImpl@75ea2036
2024-07-18T14:09:17.041+09:00  INFO 26028 --- [evoproject] [http-nio-8090-exec-9] com.zaxxer.hikari.HikariDataSource       : HikariPool-1 - Start completed.
2024-07-18T14:09:17.296+09:00  WARN 26028 --- [evoproject] [http-nio-8090-exec-9] o.a.c.util.SessionIdGeneratorBase        : Creation of SecureRandom instance for session ID generation using [SHA1PRNG] took [122] milliseconds.
2024-07-18T14:10:02.564+09:00  INFO 26028 --- [evoproject] [scheduling-1] c.e.e.s.product.ProductServiceImpl       : 조회수 업데이트 작업을 시작합니다.
2024-07-18T14:10:02.564+09:00  INFO 26028 --- [evoproject] [scheduling-1] c.e.e.s.product.ProductServiceImpl       : 조회수 업데이트 작업을 완료했습니다.
2024-07-18T14:11:02.552+09:00  INFO 26028 --- [evoproject] [scheduling-1] c.e.e.s.product.ProductServiceImpl       : 조회수 업데이트 작업을 시작합니다.
2024-07-18T14:11:02.552+09:00  INFO 26028 --- [evoproject] [scheduling-1] c.e.e.s.product.ProductServiceImpl       : 조회수 업데이트 작업을 완료했습니다.
2024-07-18T14:12:02.553+09:00  INFO 26028 --- [evoproject] [scheduling-1] c.e.e.s.product.ProductServiceImpl       : 조회수 업데이트 작업을 시작합니다.
2024-07-18T14:12:02.554+09:00  INFO 26028 --- [evoproject] [scheduling-1] c.e.e.s.product.ProductServiceImpl       : 조회수 업데이트 작업을 완료했습니다.
2024-07-18T14:13:02.558+09:00  INFO 26028 --- [evoproject] [scheduling-1] c.e.e.s.product.ProductServiceImpl       : 조회수 업데이트 작업을 시작합니다.
2024-07-18T14:13:02.558+09:00  INFO 26028 --- [evoproject] [scheduling-1] c.e.e.s.product.ProductServiceImpl       : 조회수 업데이트 작업을 완료했습니다.
2024-07-18T14:14:02.563+09:00  INFO 26028 --- [evoproject] [scheduling-1] c.e.e.s.product.ProductServiceImpl       : 조회수 업데이트 작업을 시작합니다.
2024-07-18T14:14:02.563+09:00  INFO 26028 --- [evoproject] [scheduling-1] c.e.e.s.product.ProductServiceImpl       : 조회수 업데이트 작업을 완료했습니다.
2024-07-18T14:15:02.562+09:00  INFO 26028 --- [evoproject] [scheduling-1] c.e.e.s.product.ProductServiceImpl       : 조회수 업데이트 작업을 시작합니다.
2024-07-18T14:15:02.562+09:00  INFO 26028 --- [evoproject] [scheduling-1] c.e.e.s.product.ProductServiceImpl       : 조회수 업데이트 작업을 완료했습니다.
2024-07-18T14:15:08.998+09:00  INFO 26028 --- [evoproject] [SpringApplicationShutdownHook] com.zaxxer.hikari.HikariDataSource       : HikariPool-1 - Shutdown initiated...
2024-07-18T14:15:09.066+09:00  INFO 26028 --- [evoproject] [SpringApplicationShutdownHook] com.zaxxer.hikari.HikariDataSource       : HikariPool-1 - Shutdown completed.
